Using pre-set license
Built from '2020.3/staging' branch; Version is '2020.3.16f1 (049d6eca3c44) revision 302446'; Using compiler version '192528614'; Build Type 'Release'
OS: 'Windows 10 Home Single Language; OS build 19043.1288; Version 2009; 64bit' Language: 'ru' Physical Memory: 3927 MB
BatchMode: 1, IsHumanControllingUs: 0, StartBugReporterOnCrash: 0, Is64bit: 1, IsPro: 0

 COMMAND LINE ARGUMENTS:
C:\Programms\Unity\2020.3.16f1\Editor\Unity.exe
-adb2
-batchMode
-noUpm
-name
AssetImportWorker5
-projectPath
C:/Users/Taptrue/Documents/GitHub/Tactic-Game/Tactic Game
-logFile
Logs/AssetImportWorker5.log
-srvPort
54733
Successfully changed project path to: C:/Users/Taptrue/Documents/GitHub/Tactic-Game/Tactic Game
C:/Users/Taptrue/Documents/GitHub/Tactic-Game/Tactic Game
Using Asset Import Pipeline V2.
Refreshing native plugins compatible for Editor in 242.86 ms, found 3 plugins.
Preloading 0 native plugins for Editor in 0.00 ms.
Initialize engine version: 2020.3.16f1 (049d6eca3c44)
[Subsystems] Discovering subsystems at path C:/Programms/Unity/2020.3.16f1/Editor/Data/Resources/UnitySubsystems
[Subsystems] Discovering subsystems at path C:/Users/Taptrue/Documents/GitHub/Tactic-Game/Tactic Game/Assets
GfxDevice: creating device client; threaded=0
Direct3D:
    Version:  Direct3D 11.0 [level 11.1]
    Renderer: Intel(R) HD Graphics 505 (ID=0x5a84)
    Vendor:   
    VRAM:     1963 MB
    Driver:   27.20.100.9126
Initialize mono
Mono path[0] = 'C:/Programms/Unity/2020.3.16f1/Editor/Data/Managed'
Mono path[1] = 'C:/Programms/Unity/2020.3.16f1/Editor/Data/MonoBleedingEdge/lib/mono/unityjit'
Mono config path = 'C:/Programms/Unity/2020.3.16f1/Editor/Data/MonoBleedingEdge/etc'
Using monoOptions --debugger-agent=transport=dt_socket,embedding=1,server=y,suspend=n,address=127.0.0.1:56348
Begin MonoManager ReloadAssembly
Registering precompiled unity dll's ...
Register platform support module: C:/Programms/Unity/2020.3.16f1/Editor/Data/PlaybackEngines/WindowsStandaloneSupport/UnityEditor.WindowsStandalone.Extensions.dll
Registered in 0.006351 seconds.
Native extension for WindowsStandalone target not found
Refreshing native plugins compatible for Editor in 212.45 ms, found 3 plugins.
Preloading 0 native plugins for Editor in 0.00 ms.
Mono: successfully reloaded assembly
- Completed reload, in  9.660 seconds
Domain Reload Profiling:
	ReloadAssembly (9661ms)
		BeginReloadAssembly (276ms)
			ExecutionOrderSort (0ms)
			DisableScriptedObjects (0ms)
			BackupInstance (0ms)
			ReleaseScriptingObjects (0ms)
			CreateAndSetChildDomain (4ms)
		EndReloadAssembly (1902ms)
			LoadAssemblies (262ms)
			RebuildTransferFunctionScriptingTraits (1ms)
			SetupTypeCache (533ms)
			ReleaseScriptCaches (0ms)
			RebuildScriptCaches (144ms)
			SetupLoadedEditorAssemblies (904ms)
				LogAssemblyErrors (0ms)
				InitializePlatformSupportModulesInManaged (21ms)
				SetLoadedEditorAssemblies (1ms)
				RefreshPlugins (213ms)
				BeforeProcessingInitializeOnLoad (92ms)
				ProcessInitializeOnLoadAttributes (398ms)
				ProcessInitializeOnLoadMethodAttributes (178ms)
				AfterProcessingInitializeOnLoad (0ms)
				EditorAssembliesLoaded (2ms)
			ExecutionOrderSort2 (0ms)
			AwakeInstancesAfterBackupRestoration (0ms)
Platform modules already initialized, skipping
Registering precompiled user dll's ...
Registered in 0.029528 seconds.
Begin MonoManager ReloadAssembly
Native extension for WindowsStandalone target not found
Refreshing native plugins compatible for Editor in 154.95 ms, found 3 plugins.
Preloading 0 native plugins for Editor in 0.00 ms.
Mono: successfully reloaded assembly
- Completed reload, in  5.453 seconds
Domain Reload Profiling:
	ReloadAssembly (5459ms)
		BeginReloadAssembly (531ms)
			ExecutionOrderSort (1ms)
			DisableScriptedObjects (15ms)
			BackupInstance (0ms)
			ReleaseScriptingObjects (0ms)
			CreateAndSetChildDomain (54ms)
		EndReloadAssembly (4721ms)
			LoadAssemblies (521ms)
			RebuildTransferFunctionScriptingTraits (0ms)
			SetupTypeCache (1180ms)
			ReleaseScriptCaches (5ms)
			RebuildScriptCaches (417ms)
			SetupLoadedEditorAssemblies (2091ms)
				LogAssemblyErrors (0ms)
				InitializePlatformSupportModulesInManaged (17ms)
				SetLoadedEditorAssemblies (1ms)
				RefreshPlugins (155ms)
				BeforeProcessingInitializeOnLoad (333ms)
				ProcessInitializeOnLoadAttributes (1495ms)
				ProcessInitializeOnLoadMethodAttributes (69ms)
				AfterProcessingInitializeOnLoad (20ms)
				EditorAssembliesLoaded (1ms)
			ExecutionOrderSort2 (0ms)
			AwakeInstancesAfterBackupRestoration (27ms)
Platform modules already initialized, skipping
========================================================================
Worker process is ready to serve import requests
Launched and connected shader compiler UnityShaderCompiler.exe after 0.25 seconds
Refreshing native plugins compatible for Editor in 1.38 ms, found 3 plugins.
Preloading 0 native plugins for Editor in 0.00 ms.
Unloading 2104 Unused Serialized files (Serialized files now loaded: 0)
System memory in use before: 93.5 MB.
System memory in use after: 93.5 MB.

Unloading 28 unused Assets to reduce memory usage. Loaded Objects now: 2542.
Total: 20.342600 ms (FindLiveObjects: 0.716200 ms CreateObjectMapping: 0.342500 ms MarkObjects: 17.735500 ms  DeleteObjects: 1.543100 ms)

AssetImportParameters requested are different than current active one (requested -> active):
  custom:framework-win-MediaFoundation: 216162199b28c13a410421893ffa2e32 -> 
  custom:video-decoder-ogg-theora: a1e56fd34408186e4bbccfd4996cb3dc -> 
  custom:container-muxer-webm: aa71ff27fc2769a1b78a27578f13a17b -> 
  custom:container-demuxer-webm: 4f35f7cbe854078d1ac9338744f61a02 -> 
  custom:container-demuxer-ogg: 62fdf1f143b41e24485cea50d1cbac27 -> 
  custom:video-encoder-webm-vp8: eb34c28f22e8b96e1ab97ce403110664 -> 
  custom:video-decoder-webm-vp8: 9c59270c3fd7afecdb556c50c9e8de78 -> 
  custom:audio-decoder-ogg-vorbis: bf7c407c2cedff20999df2af8eb42d56 -> 
  custom:audio-encoder-webm-vorbis: bf7c407c2cedff20999df2af8eb42d56 -> 
========================================================================
Received Import Request.
  path: Assets/Scripts/Drawer.cs
  artifactKey: Guid(a09f0570e78e37e4c8261b61c47e449d) Importer(815301076,1909f56bfc062723c751e8b465ee728b)
Start importing Assets/Scripts/Drawer.cs using Guid(a09f0570e78e37e4c8261b61c47e449d) Importer(815301076,1909f56bfc062723c751e8b465ee728b)  -> (artifact id: '89c8870b268b5e6b509088d5170ef4b1') in 0.085432 seconds 
  Import took 0.097272 seconds .

========================================================================
Received Import Request.
  Time since last request: 6.140004 seconds.
  path: Assets/Scripts/Drawer.cs
  artifactKey: Guid(a09f0570e78e37e4c8261b61c47e449d) Importer(815301076,1909f56bfc062723c751e8b465ee728b)
Start importing Assets/Scripts/Drawer.cs using Guid(a09f0570e78e37e4c8261b61c47e449d) Importer(815301076,1909f56bfc062723c751e8b465ee728b)  -> (artifact id: '2c29e1e2817bcc304ef9a9653c7ae678') in 0.011788 seconds 
  Import took 0.024637 seconds .

========================================================================
Received Import Request.
  Time since last request: 0.006849 seconds.
  path: Assets/Scripts/Drawer.cs
  artifactKey: Guid(a09f0570e78e37e4c8261b61c47e449d) Importer(815301076,1909f56bfc062723c751e8b465ee728b)
Start importing Assets/Scripts/Drawer.cs using Guid(a09f0570e78e37e4c8261b61c47e449d) Importer(815301076,1909f56bfc062723c751e8b465ee728b)  -> (artifact id: '2c29e1e2817bcc304ef9a9653c7ae678') in 0.013233 seconds 
  Import took 0.025626 seconds .

========================================================================
Received Import Request.
  Time since last request: 29.520792 seconds.
  path: Assets/Scripts/Drawer.cs
  artifactKey: Guid(a09f0570e78e37e4c8261b61c47e449d) Importer(815301076,1909f56bfc062723c751e8b465ee728b)
Start importing Assets/Scripts/Drawer.cs using Guid(a09f0570e78e37e4c8261b61c47e449d) Importer(815301076,1909f56bfc062723c751e8b465ee728b)  -> (artifact id: '71f34bb47446a4eebf9d157ea5538da4') in 0.063553 seconds 
  Import took 0.075638 seconds .

========================================================================
Received Import Request.
  Time since last request: 8.840243 seconds.
  path: Assets/Scripts/Drawer.cs
  artifactKey: Guid(a09f0570e78e37e4c8261b61c47e449d) Importer(815301076,1909f56bfc062723c751e8b465ee728b)
Start importing Assets/Scripts/Drawer.cs using Guid(a09f0570e78e37e4c8261b61c47e449d) Importer(815301076,1909f56bfc062723c751e8b465ee728b)  -> (artifact id: '3dc77b4fa356c828e67a6ee8845be763') in 0.061715 seconds 
  Import took 0.073165 seconds .

========================================================================
Received Import Request.
  Time since last request: 5.974407 seconds.
  path: Assets/Scripts/Drawer.cs
  artifactKey: Guid(a09f0570e78e37e4c8261b61c47e449d) Importer(815301076,1909f56bfc062723c751e8b465ee728b)
Start importing Assets/Scripts/Drawer.cs using Guid(a09f0570e78e37e4c8261b61c47e449d) Importer(815301076,1909f56bfc062723c751e8b465ee728b)  -> (artifact id: '76dc2cfef60487997c3b0035f7aa0999') in 0.014767 seconds 
  Import took 0.027332 seconds .

========================================================================
Received Import Request.
  Time since last request: 25.015625 seconds.
  path: Assets/Scripts/Drawer.cs
  artifactKey: Guid(a09f0570e78e37e4c8261b61c47e449d) Importer(815301076,1909f56bfc062723c751e8b465ee728b)
Start importing Assets/Scripts/Drawer.cs using Guid(a09f0570e78e37e4c8261b61c47e449d) Importer(815301076,1909f56bfc062723c751e8b465ee728b)  -> (artifact id: '800ada1d5790c7933cd5771d45672b09') in 0.050555 seconds 
  Import took 0.071808 seconds .

========================================================================
Received Import Request.
  Time since last request: 7.661838 seconds.
  path: Assets/Scripts/Drawer.cs
  artifactKey: Guid(a09f0570e78e37e4c8261b61c47e449d) Importer(815301076,1909f56bfc062723c751e8b465ee728b)
Start importing Assets/Scripts/Drawer.cs using Guid(a09f0570e78e37e4c8261b61c47e449d) Importer(815301076,1909f56bfc062723c751e8b465ee728b)  -> (artifact id: 'bc25739e2294803ca02f2abdd7ef6f92') in 0.033723 seconds 
  Import took 0.064072 seconds .

========================================================================
Received Import Request.
  Time since last request: 1.845585 seconds.
  path: Assets/Scripts/Drawer.cs
  artifactKey: Guid(a09f0570e78e37e4c8261b61c47e449d) Importer(815301076,1909f56bfc062723c751e8b465ee728b)
Start importing Assets/Scripts/Drawer.cs using Guid(a09f0570e78e37e4c8261b61c47e449d) Importer(815301076,1909f56bfc062723c751e8b465ee728b)  -> (artifact id: '4064bca571e9fa8daf6afee08713508b') in 0.016420 seconds 
  Import took 0.028584 seconds .

========================================================================
Received Import Request.
  Time since last request: 0.008896 seconds.
  path: Assets/Scripts/Drawer.cs
  artifactKey: Guid(a09f0570e78e37e4c8261b61c47e449d) Importer(815301076,1909f56bfc062723c751e8b465ee728b)
Start importing Assets/Scripts/Drawer.cs using Guid(a09f0570e78e37e4c8261b61c47e449d) Importer(815301076,1909f56bfc062723c751e8b465ee728b)  -> (artifact id: '4064bca571e9fa8daf6afee08713508b') in 0.035357 seconds 
  Import took 0.082082 seconds .

========================================================================
Received Import Request.
  Time since last request: 24.865107 seconds.
  path: Assets/Scripts/Drawer.cs
  artifactKey: Guid(a09f0570e78e37e4c8261b61c47e449d) Importer(815301076,1909f56bfc062723c751e8b465ee728b)
Start importing Assets/Scripts/Drawer.cs using Guid(a09f0570e78e37e4c8261b61c47e449d) Importer(815301076,1909f56bfc062723c751e8b465ee728b)  -> (artifact id: '6363bf185e4fdedd8dafd421f89d2ca2') in 0.067264 seconds 
  Import took 0.082088 seconds .

========================================================================
Received Import Request.
  Time since last request: 5.440619 seconds.
  path: Assets/Scripts/Drawer.cs
  artifactKey: Guid(a09f0570e78e37e4c8261b61c47e449d) Importer(815301076,1909f56bfc062723c751e8b465ee728b)
Start importing Assets/Scripts/Drawer.cs using Guid(a09f0570e78e37e4c8261b61c47e449d) Importer(815301076,1909f56bfc062723c751e8b465ee728b)  -> (artifact id: '4caa72d02f96dd9107e6f96c46092d8a') in 0.021780 seconds 
  Import took 0.035342 seconds .

========================================================================
Received Import Request.
  Time since last request: 3.662094 seconds.
  path: Assets/Scripts/Drawer.cs
  artifactKey: Guid(a09f0570e78e37e4c8261b61c47e449d) Importer(815301076,1909f56bfc062723c751e8b465ee728b)
Start importing Assets/Scripts/Drawer.cs using Guid(a09f0570e78e37e4c8261b61c47e449d) Importer(815301076,1909f56bfc062723c751e8b465ee728b)  -> (artifact id: 'fd19188e51a2fe94aa77636ac528b019') in 0.032118 seconds 
  Import took 0.061406 seconds .

========================================================================
Received Import Request.
  Time since last request: 1.739786 seconds.
  path: Assets/Scripts/Drawer.cs
  artifactKey: Guid(a09f0570e78e37e4c8261b61c47e449d) Importer(815301076,1909f56bfc062723c751e8b465ee728b)
Start importing Assets/Scripts/Drawer.cs using Guid(a09f0570e78e37e4c8261b61c47e449d) Importer(815301076,1909f56bfc062723c751e8b465ee728b)  -> (artifact id: '0ea66c3cd933a6ff3a7fb0dafe63c320') in 0.057642 seconds 
  Import took 0.076427 seconds .

========================================================================
Received Import Request.
  Time since last request: 2.368498 seconds.
  path: Assets/Scripts/Drawer.cs
  artifactKey: Guid(a09f0570e78e37e4c8261b61c47e449d) Importer(815301076,1909f56bfc062723c751e8b465ee728b)
Start importing Assets/Scripts/Drawer.cs using Guid(a09f0570e78e37e4c8261b61c47e449d) Importer(815301076,1909f56bfc062723c751e8b465ee728b)  -> (artifact id: '665e4dcf461640e00c9370c0941bf671') in 0.021334 seconds 
  Import took 0.036803 seconds .

========================================================================
Received Import Request.
  Time since last request: 1.943093 seconds.
  path: Assets/Scripts/Drawer.cs
  artifactKey: Guid(a09f0570e78e37e4c8261b61c47e449d) Importer(815301076,1909f56bfc062723c751e8b465ee728b)
Start importing Assets/Scripts/Drawer.cs using Guid(a09f0570e78e37e4c8261b61c47e449d) Importer(815301076,1909f56bfc062723c751e8b465ee728b)  -> (artifact id: '958a065db9277122e59e874c6a2e3152') in 0.065423 seconds 
  Import took 0.075979 seconds .

========================================================================
Received Import Request.
  Time since last request: 423.378465 seconds.
  path: Assets/Scripts/Drawer.cs
  artifactKey: Guid(a09f0570e78e37e4c8261b61c47e449d) Importer(815301076,1909f56bfc062723c751e8b465ee728b)
Start importing Assets/Scripts/Drawer.cs using Guid(a09f0570e78e37e4c8261b61c47e449d) Importer(815301076,1909f56bfc062723c751e8b465ee728b)  -> (artifact id: 'aba466c24913186bf3f3f56fdbfa94b8') in 0.015544 seconds 
  Import took 0.030966 seconds .

