Using pre-set license
Built from '2020.3/staging' branch; Version is '2020.3.16f1 (049d6eca3c44) revision 302446'; Using compiler version '192528614'; Build Type 'Release'
OS: 'Windows 10 Home Single Language; OS build 19043.1288; Version 2009; 64bit' Language: 'ru' Physical Memory: 3927 MB
BatchMode: 1, IsHumanControllingUs: 0, StartBugReporterOnCrash: 0, Is64bit: 1, IsPro: 0

 COMMAND LINE ARGUMENTS:
C:\Programms\Unity\2020.3.16f1\Editor\Unity.exe
-adb2
-batchMode
-noUpm
-name
AssetImportWorker3
-projectPath
C:/Users/Taptrue/Documents/GitHub/Tactic-Game/Tactic Game
-logFile
Logs/AssetImportWorker3.log
-srvPort
54733
Successfully changed project path to: C:/Users/Taptrue/Documents/GitHub/Tactic-Game/Tactic Game
C:/Users/Taptrue/Documents/GitHub/Tactic-Game/Tactic Game
Using Asset Import Pipeline V2.
Refreshing native plugins compatible for Editor in 8599.45 ms, found 3 plugins.
Preloading 0 native plugins for Editor in 0.00 ms.
Initialize engine version: 2020.3.16f1 (049d6eca3c44)
[Subsystems] Discovering subsystems at path C:/Programms/Unity/2020.3.16f1/Editor/Data/Resources/UnitySubsystems
[Subsystems] Discovering subsystems at path C:/Users/Taptrue/Documents/GitHub/Tactic-Game/Tactic Game/Assets
GfxDevice: creating device client; threaded=0
